<?xml version="1.0" encoding="UTF-8"?>
<testng-results ignored="0" total="1" passed="1" failed="0" skipped="0">
  <reporter-output>
  </reporter-output>
  <suite started-at="2023-01-18T14:04:59 IST" name="Default suite" finished-at="2023-01-18T14:04:59 IST" duration-ms="55">
    <groups>
    </groups>
    <test started-at="2023-01-18T14:04:59 IST" name="Default test" finished-at="2023-01-18T14:04:59 IST" duration-ms="55">
      <class name="practice.Create_Test">
        <test-method signature="create()[pri:0, instance:practice.Create_Test@33990a0c]" started-at="2023-01-18T14:04:59 IST" name="create" finished-at="2023-01-18T14:04:59 IST" duration-ms="9" status="PASS">
          <reporter-output>
          </reporter-output>
        </test-method> <!-- create -->
      </class> <!-- practice.Create_Test -->
    </test> <!-- Default test -->
  </suite> <!-- Default suite -->
</testng-results>
